<?xml version="1.0" encoding="UTF-8"?>
<robot generator="Robot 6.1.1 (Python 3.12.0 on win32)" generated="20231126 00:29:17.745" rpa="false" schemaversion="4">
<suite id="s1" name="testDemo5" source="D:\Udemy\RobotFramework\RobotFramework\tests\testDemo5.robot">
<test id="s1-t1" name="Invalid username" line="13">
<kw name="Validate UnSuccesful Login">
<arg>dsahed</arg>
<arg>learning</arg>
<kw name="open the browser with the Mortgage payment url">
<kw name="Open Browser" library="SeleniumLibrary">
<arg>https://rahulshettyacademy.com/loginpagePractise/</arg>
<arg>chrome</arg>
<doc>Opens a new browser instance to the optional ``url``.</doc>
<msg timestamp="20231126 00:29:17.957" level="INFO">Opening browser 'chrome' to base url 'https://rahulshettyacademy.com/loginpagePractise/'.</msg>
<status status="PASS" starttime="20231126 00:29:17.957" endtime="20231126 00:29:19.568"/>
</kw>
<status status="PASS" starttime="20231126 00:29:17.957" endtime="20231126 00:29:19.568"/>
</kw>
<kw name="Fill the login Form">
<arg>${username}</arg>
<arg>${password}</arg>
<kw name="Input Text" library="SeleniumLibrary">
<arg>id:username</arg>
<arg>${username}</arg>
<doc>Types the given ``text`` into the text field identified by ``locator``.</doc>
<msg timestamp="20231126 00:29:19.569" level="INFO">Typing text 'dsahed' into text field 'id:username'.</msg>
<status status="PASS" starttime="20231126 00:29:19.568" endtime="20231126 00:29:19.652"/>
</kw>
<kw name="Input Password" library="SeleniumLibrary">
<arg>id:password</arg>
<arg>${password}</arg>
<doc>Types the given password into the text field identified by ``locator``.</doc>
<msg timestamp="20231126 00:29:19.652" level="INFO">Typing password into text field 'id:password'.</msg>
<msg timestamp="20231126 00:29:19.696" level="INFO">Temporally setting log level to: NONE</msg>
<msg timestamp="20231126 00:29:19.732" level="INFO">Log level changed from NONE to INFO.</msg>
<status status="PASS" starttime="20231126 00:29:19.652" endtime="20231126 00:29:19.732"/>
</kw>
<kw name="Click Button" library="SeleniumLibrary">
<arg>signInBtn</arg>
<doc>Clicks the button identified by ``locator``.</doc>
<msg timestamp="20231126 00:29:19.732" level="INFO">Clicking button 'signInBtn'.</msg>
<status status="PASS" starttime="20231126 00:29:19.732" endtime="20231126 00:29:19.773"/>
</kw>
<status status="PASS" starttime="20231126 00:29:19.568" endtime="20231126 00:29:19.773"/>
</kw>
<kw name="wait until it checks and display error message">
<kw name="Wait Until Element Is Visible" library="SeleniumLibrary">
<arg>${Error_Message_Login}</arg>
<doc>Waits until the element ``locator`` is visible.</doc>
<status status="PASS" starttime="20231126 00:29:19.773" endtime="20231126 00:29:21.795"/>
</kw>
<status status="PASS" starttime="20231126 00:29:19.773" endtime="20231126 00:29:21.795"/>
</kw>
<kw name="verify error message is correct">
<kw name="Get Text" library="SeleniumLibrary">
<var>${result}</var>
<arg>${Error_Message_Login}</arg>
<doc>Returns the text value of the element identified by ``locator``.</doc>
<msg timestamp="20231126 00:29:21.813" level="INFO">${result} = Incorrect username/password.</msg>
<status status="PASS" starttime="20231126 00:29:21.795" endtime="20231126 00:29:21.813"/>
</kw>
<kw name="Should Be Equal As Strings" library="BuiltIn">
<arg>${result}</arg>
<arg>Incorrect username/password.</arg>
<doc>Fails if objects are unequal after converting them to strings.</doc>
<status status="PASS" starttime="20231126 00:29:21.813" endtime="20231126 00:29:21.813"/>
</kw>
<kw name="Element Text Should Be" library="SeleniumLibrary">
<arg>${Error_Message_Login}</arg>
<arg>Incorrect username/password.</arg>
<doc>Verifies that element ``locator`` contains exact the text ``expected``.</doc>
<msg timestamp="20231126 00:29:21.813" level="INFO">Verifying element 'css:.alert-danger' contains exact text 'Incorrect username/password.'.</msg>
<status status="PASS" starttime="20231126 00:29:21.813" endtime="20231126 00:29:21.846"/>
</kw>
<status status="PASS" starttime="20231126 00:29:21.795" endtime="20231126 00:29:21.846"/>
</kw>
<status status="PASS" starttime="20231126 00:29:17.957" endtime="20231126 00:29:21.846"/>
</kw>
<kw name="Close Browser" library="SeleniumLibrary" type="TEARDOWN">
<doc>Closes the current browser.</doc>
<status status="PASS" starttime="20231126 00:29:21.846" endtime="20231126 00:29:23.991"/>
</kw>
<status status="PASS" starttime="20231126 00:29:17.957" endtime="20231126 00:29:23.992"/>
</test>
<test id="s1-t2" name="Invalid password" line="13">
<kw name="Validate UnSuccesful Login">
<arg>rahulshetty</arg>
<arg>ploudfg</arg>
<kw name="open the browser with the Mortgage payment url">
<kw name="Open Browser" library="SeleniumLibrary">
<arg>https://rahulshettyacademy.com/loginpagePractise/</arg>
<arg>chrome</arg>
<doc>Opens a new browser instance to the optional ``url``.</doc>
<msg timestamp="20231126 00:29:23.992" level="INFO">Opening browser 'chrome' to base url 'https://rahulshettyacademy.com/loginpagePractise/'.</msg>
<status status="PASS" starttime="20231126 00:29:23.992" endtime="20231126 00:29:25.507"/>
</kw>
<status status="PASS" starttime="20231126 00:29:23.992" endtime="20231126 00:29:25.507"/>
</kw>
<kw name="Fill the login Form">
<arg>${username}</arg>
<arg>${password}</arg>
<kw name="Input Text" library="SeleniumLibrary">
<arg>id:username</arg>
<arg>${username}</arg>
<doc>Types the given ``text`` into the text field identified by ``locator``.</doc>
<msg timestamp="20231126 00:29:25.507" level="INFO">Typing text 'rahulshetty' into text field 'id:username'.</msg>
<status status="PASS" starttime="20231126 00:29:25.507" endtime="20231126 00:29:25.622"/>
</kw>
<kw name="Input Password" library="SeleniumLibrary">
<arg>id:password</arg>
<arg>${password}</arg>
<doc>Types the given password into the text field identified by ``locator``.</doc>
<msg timestamp="20231126 00:29:25.624" level="INFO">Typing password into text field 'id:password'.</msg>
<msg timestamp="20231126 00:29:25.649" level="INFO">Temporally setting log level to: NONE</msg>
<msg timestamp="20231126 00:29:25.685" level="INFO">Log level changed from NONE to INFO.</msg>
<status status="PASS" starttime="20231126 00:29:25.622" endtime="20231126 00:29:25.685"/>
</kw>
<kw name="Click Button" library="SeleniumLibrary">
<arg>signInBtn</arg>
<doc>Clicks the button identified by ``locator``.</doc>
<msg timestamp="20231126 00:29:25.685" level="INFO">Clicking button 'signInBtn'.</msg>
<status status="PASS" starttime="20231126 00:29:25.685" endtime="20231126 00:29:25.726"/>
</kw>
<status status="PASS" starttime="20231126 00:29:25.507" endtime="20231126 00:29:25.726"/>
</kw>
<kw name="wait until it checks and display error message">
<kw name="Wait Until Element Is Visible" library="SeleniumLibrary">
<arg>${Error_Message_Login}</arg>
<doc>Waits until the element ``locator`` is visible.</doc>
<status status="PASS" starttime="20231126 00:29:25.726" endtime="20231126 00:29:27.741"/>
</kw>
<status status="PASS" starttime="20231126 00:29:25.726" endtime="20231126 00:29:27.741"/>
</kw>
<kw name="verify error message is correct">
<kw name="Get Text" library="SeleniumLibrary">
<var>${result}</var>
<arg>${Error_Message_Login}</arg>
<doc>Returns the text value of the element identified by ``locator``.</doc>
<msg timestamp="20231126 00:29:27.770" level="INFO">${result} = Incorrect username/password.</msg>
<status status="PASS" starttime="20231126 00:29:27.741" endtime="20231126 00:29:27.770"/>
</kw>
<kw name="Should Be Equal As Strings" library="BuiltIn">
<arg>${result}</arg>
<arg>Incorrect username/password.</arg>
<doc>Fails if objects are unequal after converting them to strings.</doc>
<status status="PASS" starttime="20231126 00:29:27.770" endtime="20231126 00:29:27.770"/>
</kw>
<kw name="Element Text Should Be" library="SeleniumLibrary">
<arg>${Error_Message_Login}</arg>
<arg>Incorrect username/password.</arg>
<doc>Verifies that element ``locator`` contains exact the text ``expected``.</doc>
<msg timestamp="20231126 00:29:27.770" level="INFO">Verifying element 'css:.alert-danger' contains exact text 'Incorrect username/password.'.</msg>
<status status="PASS" starttime="20231126 00:29:27.770" endtime="20231126 00:29:27.794"/>
</kw>
<status status="PASS" starttime="20231126 00:29:27.741" endtime="20231126 00:29:27.794"/>
</kw>
<status status="PASS" starttime="20231126 00:29:23.992" endtime="20231126 00:29:27.794"/>
</kw>
<kw name="Close Browser" library="SeleniumLibrary" type="TEARDOWN">
<doc>Closes the current browser.</doc>
<status status="PASS" starttime="20231126 00:29:27.794" endtime="20231126 00:29:29.944"/>
</kw>
<status status="PASS" starttime="20231126 00:29:23.992" endtime="20231126 00:29:29.945"/>
</test>
<test id="s1-t3" name="special characters" line="13">
<kw name="Validate UnSuccesful Login">
<arg>@#$</arg>
<arg>learning</arg>
<kw name="open the browser with the Mortgage payment url">
<kw name="Open Browser" library="SeleniumLibrary">
<arg>https://rahulshettyacademy.com/loginpagePractise/</arg>
<arg>chrome</arg>
<doc>Opens a new browser instance to the optional ``url``.</doc>
<msg timestamp="20231126 00:29:29.945" level="INFO">Opening browser 'chrome' to base url 'https://rahulshettyacademy.com/loginpagePractise/'.</msg>
<status status="PASS" starttime="20231126 00:29:29.945" endtime="20231126 00:29:31.451"/>
</kw>
<status status="PASS" starttime="20231126 00:29:29.945" endtime="20231126 00:29:31.451"/>
</kw>
<kw name="Fill the login Form">
<arg>${username}</arg>
<arg>${password}</arg>
<kw name="Input Text" library="SeleniumLibrary">
<arg>id:username</arg>
<arg>${username}</arg>
<doc>Types the given ``text`` into the text field identified by ``locator``.</doc>
<msg timestamp="20231126 00:29:31.453" level="INFO">Typing text '@#$' into text field 'id:username'.</msg>
<status status="PASS" starttime="20231126 00:29:31.451" endtime="20231126 00:29:31.549"/>
</kw>
<kw name="Input Password" library="SeleniumLibrary">
<arg>id:password</arg>
<arg>${password}</arg>
<doc>Types the given password into the text field identified by ``locator``.</doc>
<msg timestamp="20231126 00:29:31.550" level="INFO">Typing password into text field 'id:password'.</msg>
<msg timestamp="20231126 00:29:31.578" level="INFO">Temporally setting log level to: NONE</msg>
<msg timestamp="20231126 00:29:31.613" level="INFO">Log level changed from NONE to INFO.</msg>
<status status="PASS" starttime="20231126 00:29:31.549" endtime="20231126 00:29:31.613"/>
</kw>
<kw name="Click Button" library="SeleniumLibrary">
<arg>signInBtn</arg>
<doc>Clicks the button identified by ``locator``.</doc>
<msg timestamp="20231126 00:29:31.613" level="INFO">Clicking button 'signInBtn'.</msg>
<status status="PASS" starttime="20231126 00:29:31.613" endtime="20231126 00:29:31.655"/>
</kw>
<status status="PASS" starttime="20231126 00:29:31.451" endtime="20231126 00:29:31.655"/>
</kw>
<kw name="wait until it checks and display error message">
<kw name="Wait Until Element Is Visible" library="SeleniumLibrary">
<arg>${Error_Message_Login}</arg>
<doc>Waits until the element ``locator`` is visible.</doc>
<status status="PASS" starttime="20231126 00:29:31.655" endtime="20231126 00:29:33.694"/>
</kw>
<status status="PASS" starttime="20231126 00:29:31.655" endtime="20231126 00:29:33.694"/>
</kw>
<kw name="verify error message is correct">
<kw name="Get Text" library="SeleniumLibrary">
<var>${result}</var>
<arg>${Error_Message_Login}</arg>
<doc>Returns the text value of the element identified by ``locator``.</doc>
<msg timestamp="20231126 00:29:33.728" level="INFO">${result} = Incorrect username/password.</msg>
<status status="PASS" starttime="20231126 00:29:33.694" endtime="20231126 00:29:33.728"/>
</kw>
<kw name="Should Be Equal As Strings" library="BuiltIn">
<arg>${result}</arg>
<arg>Incorrect username/password.</arg>
<doc>Fails if objects are unequal after converting them to strings.</doc>
<status status="PASS" starttime="20231126 00:29:33.728" endtime="20231126 00:29:33.728"/>
</kw>
<kw name="Element Text Should Be" library="SeleniumLibrary">
<arg>${Error_Message_Login}</arg>
<arg>Incorrect username/password.</arg>
<doc>Verifies that element ``locator`` contains exact the text ``expected``.</doc>
<msg timestamp="20231126 00:29:33.728" level="INFO">Verifying element 'css:.alert-danger' contains exact text 'Incorrect username/password.'.</msg>
<status status="PASS" starttime="20231126 00:29:33.728" endtime="20231126 00:29:33.745"/>
</kw>
<status status="PASS" starttime="20231126 00:29:33.694" endtime="20231126 00:29:33.745"/>
</kw>
<status status="PASS" starttime="20231126 00:29:29.945" endtime="20231126 00:29:33.745"/>
</kw>
<kw name="Close Browser" library="SeleniumLibrary" type="TEARDOWN">
<doc>Closes the current browser.</doc>
<status status="PASS" starttime="20231126 00:29:33.745" endtime="20231126 00:29:35.890"/>
</kw>
<status status="PASS" starttime="20231126 00:29:29.945" endtime="20231126 00:29:35.891"/>
</test>
<test id="s1-t4" name="Login with user 1234 and password  4242" line="13">
<kw name="Validate UnSuccesful Login">
<arg>1234</arg>
<arg> 4242</arg>
<kw name="open the browser with the Mortgage payment url">
<kw name="Open Browser" library="SeleniumLibrary">
<arg>https://rahulshettyacademy.com/loginpagePractise/</arg>
<arg>chrome</arg>
<doc>Opens a new browser instance to the optional ``url``.</doc>
<msg timestamp="20231126 00:29:35.891" level="INFO">Opening browser 'chrome' to base url 'https://rahulshettyacademy.com/loginpagePractise/'.</msg>
<status status="PASS" starttime="20231126 00:29:35.891" endtime="20231126 00:29:37.418"/>
</kw>
<status status="PASS" starttime="20231126 00:29:35.891" endtime="20231126 00:29:37.418"/>
</kw>
<kw name="Fill the login Form">
<arg>${username}</arg>
<arg>${password}</arg>
<kw name="Input Text" library="SeleniumLibrary">
<arg>id:username</arg>
<arg>${username}</arg>
<doc>Types the given ``text`` into the text field identified by ``locator``.</doc>
<msg timestamp="20231126 00:29:37.419" level="INFO">Typing text '1234' into text field 'id:username'.</msg>
<status status="PASS" starttime="20231126 00:29:37.419" endtime="20231126 00:29:37.503"/>
</kw>
<kw name="Input Password" library="SeleniumLibrary">
<arg>id:password</arg>
<arg>${password}</arg>
<doc>Types the given password into the text field identified by ``locator``.</doc>
<msg timestamp="20231126 00:29:37.505" level="INFO">Typing password into text field 'id:password'.</msg>
<msg timestamp="20231126 00:29:37.537" level="INFO">Temporally setting log level to: NONE</msg>
<msg timestamp="20231126 00:29:37.563" level="INFO">Log level changed from NONE to INFO.</msg>
<status status="PASS" starttime="20231126 00:29:37.503" endtime="20231126 00:29:37.563"/>
</kw>
<kw name="Click Button" library="SeleniumLibrary">
<arg>signInBtn</arg>
<doc>Clicks the button identified by ``locator``.</doc>
<msg timestamp="20231126 00:29:37.563" level="INFO">Clicking button 'signInBtn'.</msg>
<status status="PASS" starttime="20231126 00:29:37.563" endtime="20231126 00:29:37.607"/>
</kw>
<status status="PASS" starttime="20231126 00:29:37.418" endtime="20231126 00:29:37.608"/>
</kw>
<kw name="wait until it checks and display error message">
<kw name="Wait Until Element Is Visible" library="SeleniumLibrary">
<arg>${Error_Message_Login}</arg>
<doc>Waits until the element ``locator`` is visible.</doc>
<status status="PASS" starttime="20231126 00:29:37.608" endtime="20231126 00:29:39.630"/>
</kw>
<status status="PASS" starttime="20231126 00:29:37.608" endtime="20231126 00:29:39.630"/>
</kw>
<kw name="verify error message is correct">
<kw name="Get Text" library="SeleniumLibrary">
<var>${result}</var>
<arg>${Error_Message_Login}</arg>
<doc>Returns the text value of the element identified by ``locator``.</doc>
<msg timestamp="20231126 00:29:39.651" level="INFO">${result} = Incorrect username/password.</msg>
<status status="PASS" starttime="20231126 00:29:39.630" endtime="20231126 00:29:39.651"/>
</kw>
<kw name="Should Be Equal As Strings" library="BuiltIn">
<arg>${result}</arg>
<arg>Incorrect username/password.</arg>
<doc>Fails if objects are unequal after converting them to strings.</doc>
<status status="PASS" starttime="20231126 00:29:39.651" endtime="20231126 00:29:39.651"/>
</kw>
<kw name="Element Text Should Be" library="SeleniumLibrary">
<arg>${Error_Message_Login}</arg>
<arg>Incorrect username/password.</arg>
<doc>Verifies that element ``locator`` contains exact the text ``expected``.</doc>
<msg timestamp="20231126 00:29:39.651" level="INFO">Verifying element 'css:.alert-danger' contains exact text 'Incorrect username/password.'.</msg>
<status status="PASS" starttime="20231126 00:29:39.651" endtime="20231126 00:29:39.683"/>
</kw>
<status status="PASS" starttime="20231126 00:29:39.630" endtime="20231126 00:29:39.683"/>
</kw>
<status status="PASS" starttime="20231126 00:29:35.891" endtime="20231126 00:29:39.683"/>
</kw>
<kw name="Close Browser" library="SeleniumLibrary" type="TEARDOWN">
<doc>Closes the current browser.</doc>
<status status="PASS" starttime="20231126 00:29:39.684" endtime="20231126 00:29:41.808"/>
</kw>
<status status="PASS" starttime="20231126 00:29:35.891" endtime="20231126 00:29:41.808"/>
</test>
<doc>To validate the Login form</doc>
<status status="PASS" starttime="20231126 00:29:17.751" endtime="20231126 00:29:41.808"/>
</suite>
<statistics>
<total>
<stat pass="4" fail="0" skip="0">All Tests</stat>
</total>
<tag>
</tag>
<suite>
<stat pass="4" fail="0" skip="0" id="s1" name="testDemo5">testDemo5</stat>
</suite>
</statistics>
<errors>
</errors>
</robot>
